/cluster/home/mmagnus/PMLR/pmlr_env/lib64/python3.11/site-packages/torch_geometric/typing.py:54: UserWarning: An issue occurred while importing 'pyg-lib'. Disabling its usage. Stacktrace: /lib64/libm.so.6: version `GLIBC_2.27' not found (required by /cluster/home/mmagnus/PMLR/pmlr_env/lib64/python3.11/site-packages/libpyg.so)
  warnings.warn(f"An issue occurred while importing 'pyg-lib'. "
/cluster/home/mmagnus/PMLR/pmlr_env/lib64/python3.11/site-packages/torch_geometric/typing.py:110: UserWarning: An issue occurred while importing 'torch-sparse'. Disabling its usage. Stacktrace: /lib64/libm.so.6: version `GLIBC_2.27' not found (required by /cluster/home/mmagnus/PMLR/pmlr_env/lib64/python3.11/site-packages/libpyg.so)
  warnings.warn(f"An issue occurred while importing 'torch-sparse'. "
GPU available: True (cuda), used: True
TPU available: False, using: 0 TPU cores
IPU available: False, using: 0 IPUs
HPU available: False, using: 0 HPUs
wandb: Currently logged in as: magmuell (forl-traffic). Use `wandb login --relogin` to force relogin
wandb: wandb version 0.17.0 is available!  To upgrade, please run:
wandb:  $ pip install wandb --upgrade
wandb: Tracking run with wandb version 0.16.6
wandb: Run data is saved locally in ./wandb/run-20240513_085401-4yobs5ix
wandb: Run `wandb offline` to turn off syncing.
wandb: Syncing run vivid-donkey-173
wandb: ⭐️ View project at https://wandb.ai/forl-traffic/PMLR
wandb: 🚀 View run at https://wandb.ai/forl-traffic/PMLR/runs/4yobs5ix
wandb: logging graph, to disable use `wandb.watch(log_graph=False)`
Initializing distributed: GLOBAL_RANK: 0, MEMBER: 1/1
----------------------------------------------------------------------------------------------------
distributed_backend=nccl
All distributed processes registered. Starting with 1 processes
----------------------------------------------------------------------------------------------------

/cluster/home/mmagnus/PMLR/pmlr_env/lib64/python3.11/site-packages/pytorch_lightning/callbacks/model_checkpoint.py:653: Checkpoint directory /cluster/home/mmagnus/PMLR/checkpoints exists and is not empty.
LOCAL_RANK: 0 - CUDA_VISIBLE_DEVICES: [0,1]

  | Name  | Type     | Params
-----------------------------------
0 | model | deep_GNN | 15.1 K
-----------------------------------
15.1 K    Trainable params
0         Non-trainable params
15.1 K    Total params
0.060     Total estimated model params size (MB)
SLURM auto-requeueing enabled. Setting signal handlers.
slurmstepd: error: *** JOB 58421017 ON eu-lo-s4-077 CANCELLED AT 2024-05-14T08:50:28 DUE TO TIME LIMIT ***
