Number of variables: 20
tensor([[ 0.0220, -0.0477, -1.2583,  ...,  0.1153,  1.1967, -1.0154],
        [ 0.0220, -0.0477, -1.2583,  ...,  0.1153,  1.1967, -1.0154],
        [ 0.0220, -0.0477, -1.2583,  ...,  0.1153,  1.1967, -1.0154],
        ...,
        [ 0.0507, -0.1069, -1.2370,  ...,  1.4443,  0.7788, -1.0730],
        [ 0.0507, -0.1069, -1.2370,  ...,  1.4443,  0.7788, -1.0730],
        [ 0.0507, -0.1069, -1.2370,  ...,  1.4443,  0.7788, -1.0730]],
       device='cuda:0')
torch.Size([2, 1038240, 20])
Model size: 0.06 MB
Number of parameters: 15124
Size of model: 11520
Size of validation sample: 1584.23 MB
Size of edge_index: 142.38 MB
time to load train: 0.18 min

Size of training sample: 158.42 MB
Size of edge_index: 142.38 MB
time to load train: 0.02 min

Evaluating initial model...
